<?xml version="1.0" encoding="UTF-8"?>
<testng-results ignored="0" total="1" passed="1" failed="0" skipped="0">
  <reporter-output>
  </reporter-output>
  <suite started-at="2025-11-27T07:26:10 IST" name="MasterSuite" finished-at="2025-11-27T07:26:22 IST" duration-ms="11788">
    <groups>
    </groups>
    <test started-at="2025-11-27T07:26:10 IST" name="Test" finished-at="2025-11-27T07:26:22 IST" duration-ms="11788">
      <class name="testCases.TC002_LoginTest">
        <test-method is-config="true" signature="setup()[pri:0, instance:testCases.TC002_LoginTest@815b41f]" started-at="2025-11-27T07:26:10 IST" name="setup" finished-at="2025-11-27T07:26:19 IST" duration-ms="8065" status="PASS">
          <reporter-output>
          </reporter-output>
        </test-method> <!-- setup -->
        <test-method signature="verify_login()[pri:0, instance:testCases.TC002_LoginTest@815b41f]" started-at="2025-11-27T07:26:19 IST" name="verify_login" finished-at="2025-11-27T07:26:22 IST" duration-ms="2990" status="PASS">
          <reporter-output>
          </reporter-output>
        </test-method> <!-- verify_login -->
        <test-method is-config="true" signature="teardown()[pri:0, instance:testCases.TC002_LoginTest@815b41f]" started-at="2025-11-27T07:26:22 IST" name="teardown" finished-at="2025-11-27T07:26:22 IST" duration-ms="618" status="PASS">
          <reporter-output>
          </reporter-output>
        </test-method> <!-- teardown -->
      </class> <!-- testCases.TC002_LoginTest -->
    </test> <!-- Test -->
  </suite> <!-- MasterSuite -->
</testng-results>
